0 info it worked if it ends with ok
1 verbose cli [ '/usr/local/Cellar/node/0.10.24/bin/node',
1 verbose cli   '/usr/local/bin/npm',
1 verbose cli   'publish' ]
2 info using npm@1.3.21
3 info using node@v0.10.24
4 verbose publish [ '.' ]
5 verbose cache add [ '.', null ]
6 verbose cache add name=undefined spec="." args=[".",null]
7 verbose parsed url { protocol: null,
7 verbose parsed url   slashes: null,
7 verbose parsed url   auth: null,
7 verbose parsed url   host: null,
7 verbose parsed url   port: null,
7 verbose parsed url   hostname: null,
7 verbose parsed url   hash: null,
7 verbose parsed url   search: null,
7 verbose parsed url   query: null,
7 verbose parsed url   pathname: '.',
7 verbose parsed url   path: '.',
7 verbose parsed url   href: '.' }
8 silly lockFile 3a52ce78- .
9 verbose lock . /Users/matthew/.npm/3a52ce78-.lock
10 verbose tar pack [ '/var/folders/hd/_tqn592x7zg341mpdsx_7qpr0000gn/T/npm-16894-d4dKq3nc/1393788356376-0.33961309236474335/tmp.tgz',
10 verbose tar pack   '.' ]
11 verbose tarball /var/folders/hd/_tqn592x7zg341mpdsx_7qpr0000gn/T/npm-16894-d4dKq3nc/1393788356376-0.33961309236474335/tmp.tgz
12 verbose folder .
13 info prepublish apostrophe-soundcloud@0.0.1
14 silly lockFile 1f1177db-tar tar://.
15 verbose lock tar://. /Users/matthew/.npm/1f1177db-tar.lock
16 silly lockFile 1d9e87a0-6376-0-33961309236474335-tmp-tgz tar:///var/folders/hd/_tqn592x7zg341mpdsx_7qpr0000gn/T/npm-16894-d4dKq3nc/1393788356376-0.33961309236474335/tmp.tgz
17 verbose lock tar:///var/folders/hd/_tqn592x7zg341mpdsx_7qpr0000gn/T/npm-16894-d4dKq3nc/1393788356376-0.33961309236474335/tmp.tgz /Users/matthew/.npm/1d9e87a0-6376-0-33961309236474335-tmp-tgz.lock
18 silly lockFile 1f1177db-tar tar://.
19 silly lockFile 1f1177db-tar tar://.
20 silly lockFile 1d9e87a0-6376-0-33961309236474335-tmp-tgz tar:///var/folders/hd/_tqn592x7zg341mpdsx_7qpr0000gn/T/npm-16894-d4dKq3nc/1393788356376-0.33961309236474335/tmp.tgz
21 silly lockFile 1d9e87a0-6376-0-33961309236474335-tmp-tgz tar:///var/folders/hd/_tqn592x7zg341mpdsx_7qpr0000gn/T/npm-16894-d4dKq3nc/1393788356376-0.33961309236474335/tmp.tgz
22 verbose tar unpack /var/folders/hd/_tqn592x7zg341mpdsx_7qpr0000gn/T/npm-16894-d4dKq3nc/1393788356376-0.33961309236474335/tmp.tgz
23 silly lockFile 16a3d699-6376-0-33961309236474335-package tar:///var/folders/hd/_tqn592x7zg341mpdsx_7qpr0000gn/T/npm-16894-d4dKq3nc/1393788356376-0.33961309236474335/package
24 verbose lock tar:///var/folders/hd/_tqn592x7zg341mpdsx_7qpr0000gn/T/npm-16894-d4dKq3nc/1393788356376-0.33961309236474335/package /Users/matthew/.npm/16a3d699-6376-0-33961309236474335-package.lock
25 silly lockFile 1d9e87a0-6376-0-33961309236474335-tmp-tgz tar:///var/folders/hd/_tqn592x7zg341mpdsx_7qpr0000gn/T/npm-16894-d4dKq3nc/1393788356376-0.33961309236474335/tmp.tgz
26 verbose lock tar:///var/folders/hd/_tqn592x7zg341mpdsx_7qpr0000gn/T/npm-16894-d4dKq3nc/1393788356376-0.33961309236474335/tmp.tgz /Users/matthew/.npm/1d9e87a0-6376-0-33961309236474335-tmp-tgz.lock
27 silly gunzTarPerm modes [ '755', '644' ]
28 silly gunzTarPerm extractEntry package.json
29 silly gunzTarPerm extractEntry .npmignore
30 silly gunzTarPerm extractEntry README.md
31 silly gunzTarPerm extractEntry LICENSE
32 silly gunzTarPerm extractEntry index.js
33 silly gunzTarPerm extractEntry public/css/360player.css
34 silly gunzTarPerm extractEntry public/css/content.css
35 silly gunzTarPerm extractEntry public/css/content.less
36 silly gunzTarPerm extractEntry public/css/pause.png
37 silly gunzTarPerm extractEntry public/css/play.png
38 silly gunzTarPerm extractEntry public/css/playEmpty.png
39 silly gunzTarPerm extractEntry public/js/360player.js
40 silly gunzTarPerm extractEntry public/js/berniecode-animator.js
41 silly gunzTarPerm extractEntry public/js/content.js
42 silly gunzTarPerm extractEntry public/js/editor.js
43 silly gunzTarPerm extractEntry public/js/soundcloud.js
44 silly gunzTarPerm extractEntry public/js/soundmanager2.js
45 silly gunzTarPerm extractEntry public/js/waveform.js
46 silly gunzTarPerm extractEntry public/js/swf/soundmanager2.swf
47 silly gunzTarPerm extractEntry public/js/swf/soundmanager2_debug.swf
48 silly gunzTarPerm extractEntry public/js/swf/soundmanager2_flash9.swf
49 silly gunzTarPerm extractEntry public/js/swf/soundmanager2_flash9_debug.swf
50 silly gunzTarPerm extractEntry public/js/swf/soundmanager2_flash_xdomain.zip
51 silly gunzTarPerm extractEntry views/soundcloud.html
52 silly gunzTarPerm extractEntry views/soundcloudEditor.html
53 silly lockFile 16a3d699-6376-0-33961309236474335-package tar:///var/folders/hd/_tqn592x7zg341mpdsx_7qpr0000gn/T/npm-16894-d4dKq3nc/1393788356376-0.33961309236474335/package
54 silly lockFile 16a3d699-6376-0-33961309236474335-package tar:///var/folders/hd/_tqn592x7zg341mpdsx_7qpr0000gn/T/npm-16894-d4dKq3nc/1393788356376-0.33961309236474335/package
55 silly lockFile 1d9e87a0-6376-0-33961309236474335-tmp-tgz tar:///var/folders/hd/_tqn592x7zg341mpdsx_7qpr0000gn/T/npm-16894-d4dKq3nc/1393788356376-0.33961309236474335/tmp.tgz
56 silly lockFile 1d9e87a0-6376-0-33961309236474335-tmp-tgz tar:///var/folders/hd/_tqn592x7zg341mpdsx_7qpr0000gn/T/npm-16894-d4dKq3nc/1393788356376-0.33961309236474335/tmp.tgz
57 verbose tar pack [ '/Users/matthew/.npm/apostrophe-soundcloud/0.0.1/package.tgz',
57 verbose tar pack   '/var/folders/hd/_tqn592x7zg341mpdsx_7qpr0000gn/T/npm-16894-d4dKq3nc/1393788356376-0.33961309236474335/package' ]
58 verbose tarball /Users/matthew/.npm/apostrophe-soundcloud/0.0.1/package.tgz
59 verbose folder /var/folders/hd/_tqn592x7zg341mpdsx_7qpr0000gn/T/npm-16894-d4dKq3nc/1393788356376-0.33961309236474335/package
60 silly lockFile 16a3d699-6376-0-33961309236474335-package tar:///var/folders/hd/_tqn592x7zg341mpdsx_7qpr0000gn/T/npm-16894-d4dKq3nc/1393788356376-0.33961309236474335/package
61 verbose lock tar:///var/folders/hd/_tqn592x7zg341mpdsx_7qpr0000gn/T/npm-16894-d4dKq3nc/1393788356376-0.33961309236474335/package /Users/matthew/.npm/16a3d699-6376-0-33961309236474335-package.lock
62 silly lockFile b65c3401-phe-soundcloud-0-0-1-package-tgz tar:///Users/matthew/.npm/apostrophe-soundcloud/0.0.1/package.tgz
63 verbose lock tar:///Users/matthew/.npm/apostrophe-soundcloud/0.0.1/package.tgz /Users/matthew/.npm/b65c3401-phe-soundcloud-0-0-1-package-tgz.lock
64 silly lockFile 16a3d699-6376-0-33961309236474335-package tar:///var/folders/hd/_tqn592x7zg341mpdsx_7qpr0000gn/T/npm-16894-d4dKq3nc/1393788356376-0.33961309236474335/package
65 silly lockFile 16a3d699-6376-0-33961309236474335-package tar:///var/folders/hd/_tqn592x7zg341mpdsx_7qpr0000gn/T/npm-16894-d4dKq3nc/1393788356376-0.33961309236474335/package
66 silly lockFile b65c3401-phe-soundcloud-0-0-1-package-tgz tar:///Users/matthew/.npm/apostrophe-soundcloud/0.0.1/package.tgz
67 silly lockFile b65c3401-phe-soundcloud-0-0-1-package-tgz tar:///Users/matthew/.npm/apostrophe-soundcloud/0.0.1/package.tgz
68 silly lockFile 10f934aa-strophe-soundcloud-0-0-1-package /Users/matthew/.npm/apostrophe-soundcloud/0.0.1/package
69 verbose lock /Users/matthew/.npm/apostrophe-soundcloud/0.0.1/package /Users/matthew/.npm/10f934aa-strophe-soundcloud-0-0-1-package.lock
70 silly lockFile 10f934aa-strophe-soundcloud-0-0-1-package /Users/matthew/.npm/apostrophe-soundcloud/0.0.1/package
71 silly lockFile 10f934aa-strophe-soundcloud-0-0-1-package /Users/matthew/.npm/apostrophe-soundcloud/0.0.1/package
72 verbose tar unpack /Users/matthew/.npm/apostrophe-soundcloud/0.0.1/package.tgz
73 silly lockFile 6b701576-strophe-soundcloud-0-0-1-package tar:///Users/matthew/.npm/apostrophe-soundcloud/0.0.1/package
74 verbose lock tar:///Users/matthew/.npm/apostrophe-soundcloud/0.0.1/package /Users/matthew/.npm/6b701576-strophe-soundcloud-0-0-1-package.lock
75 silly lockFile b65c3401-phe-soundcloud-0-0-1-package-tgz tar:///Users/matthew/.npm/apostrophe-soundcloud/0.0.1/package.tgz
76 verbose lock tar:///Users/matthew/.npm/apostrophe-soundcloud/0.0.1/package.tgz /Users/matthew/.npm/b65c3401-phe-soundcloud-0-0-1-package-tgz.lock
77 silly gunzTarPerm modes [ '755', '644' ]
78 silly gunzTarPerm extractEntry package.json
79 silly gunzTarPerm extractEntry .npmignore
80 silly gunzTarPerm extractEntry README.md
81 silly gunzTarPerm extractEntry LICENSE
82 silly gunzTarPerm extractEntry index.js
83 silly gunzTarPerm extractEntry public/css/360player.css
84 silly gunzTarPerm extractEntry public/css/content.css
85 silly gunzTarPerm extractEntry public/css/content.less
86 silly gunzTarPerm extractEntry public/css/pause.png
87 silly gunzTarPerm extractEntry public/css/play.png
88 silly gunzTarPerm extractEntry public/css/playEmpty.png
89 silly gunzTarPerm extractEntry public/js/360player.js
90 silly gunzTarPerm extractEntry public/js/berniecode-animator.js
91 silly gunzTarPerm extractEntry public/js/content.js
92 silly gunzTarPerm extractEntry public/js/editor.js
93 silly gunzTarPerm extractEntry public/js/soundcloud.js
94 silly gunzTarPerm extractEntry public/js/soundmanager2.js
95 silly gunzTarPerm extractEntry public/js/waveform.js
96 silly gunzTarPerm extractEntry public/js/swf/soundmanager2.swf
97 silly gunzTarPerm extractEntry public/js/swf/soundmanager2_debug.swf
98 silly gunzTarPerm extractEntry public/js/swf/soundmanager2_flash9.swf
99 silly gunzTarPerm extractEntry public/js/swf/soundmanager2_flash9_debug.swf
100 silly gunzTarPerm extractEntry public/js/swf/soundmanager2_flash_xdomain.zip
101 silly gunzTarPerm extractEntry views/soundcloud.html
102 silly gunzTarPerm extractEntry views/soundcloudEditor.html
103 silly lockFile 6b701576-strophe-soundcloud-0-0-1-package tar:///Users/matthew/.npm/apostrophe-soundcloud/0.0.1/package
104 silly lockFile 6b701576-strophe-soundcloud-0-0-1-package tar:///Users/matthew/.npm/apostrophe-soundcloud/0.0.1/package
105 silly lockFile b65c3401-phe-soundcloud-0-0-1-package-tgz tar:///Users/matthew/.npm/apostrophe-soundcloud/0.0.1/package.tgz
106 silly lockFile b65c3401-phe-soundcloud-0-0-1-package-tgz tar:///Users/matthew/.npm/apostrophe-soundcloud/0.0.1/package.tgz
107 verbose chmod /Users/matthew/.npm/apostrophe-soundcloud/0.0.1/package.tgz 644
108 verbose chown /Users/matthew/.npm/apostrophe-soundcloud/0.0.1/package.tgz [ 501, 20 ]
109 silly lockFile 3a52ce78- .
110 silly lockFile 3a52ce78- .
111 silly publish { name: 'apostrophe-soundcloud',
111 silly publish   version: '0.0.1',
111 silly publish   description: 'It\'s soundcloud for apostrophe.',
111 silly publish   main: 'app.js',
111 silly publish   scripts: { start: 'node app.js' },
111 silly publish   repository:
111 silly publish    { type: 'git',
111 silly publish      url: 'https://github.com/punkave/apostrophe-soundcloud' },
111 silly publish   author: { name: 'P\'unk Avenue' },
111 silly publish   license: 'MIT',
111 silly publish   dependencies: { extend: '*', async: 'x' },
111 silly publish   bugs: { url: 'https://github.com/punkave/apostrophe-soundcloud/issues' },
111 silly publish   homepage: 'https://github.com/punkave/apostrophe-soundcloud',
111 silly publish   devDependencies: {},
111 silly publish   keywords: [ 'soundcloud', 'cms', 'apostrophe' ],
111 silly publish   readme: 'apostrophe-soundcloud\n=====================\n',
111 silly publish   readmeFilename: 'README.md',
111 silly publish   _id: 'apostrophe-soundcloud@0.0.1',
111 silly publish   dist: { shasum: 'b6d322405cc241575dcf5155917dd584c2e8c010' },
111 silly publish   _from: '.',
111 silly publish   _resolved: 'https://registry.npmjs.org/apostrophe-soundcloud/-/apostrophe-soundcloud-0.0.1.tgz' }
112 verbose url raw apostrophe-soundcloud
113 verbose url resolving [ 'https://registry.npmjs.org/', './apostrophe-soundcloud' ]
114 verbose url resolved https://registry.npmjs.org/apostrophe-soundcloud
115 info trying registry request attempt 1 at 14:25:56
116 http PUT https://registry.npmjs.org/apostrophe-soundcloud
117 http 403 https://registry.npmjs.org/apostrophe-soundcloud
118 info trying registry request attempt 1 at 14:25:58
119 http PUT https://registry.npmjs.org/apostrophe-soundcloud
120 http 403 https://registry.npmjs.org/apostrophe-soundcloud
121 error publish Failed PUT 403
122 error Error: forbidden cannot modify pre-existing version: 0.0.1
122 error old={"name":"apostrophe-soundcloud","version":"0.0.1","description":"It's soundcloud for apostrophe.","main":"app.js","scripts":{"start":"node app.js"},"repository":{"type":"git","url":"https://github.com/punkave/apostrophe-soundcloud"},"author":{"name":"P'unk Avenue"},"license":"MIT","dependencies":{"extend":"*"},"bugs":{"url":"https://github.com/punkave/apostrophe-soundcloud/issues"},"homepage":"https://github.com/punkave/apostrophe-soundcloud","devDependencies":{},"keywords":["soundcloud","cms","apostrophe"],"readme":"apostrophe-soundcloud\u000a=====================\u000a","readmeFilename":"README.md","_id":"apostrophe-soundcloud@0.0.1","dist":{"shasum":"a4861da6eaf42ef58ff9741bc4068f98fa251187","tarball":"http://registry.npmjs.org/apostrophe-soundcloud/-/apostrophe-soundcloud-0.0.1.tgz"},"_from":".","_npmVersion":"1.3.21","_npmUser":{"name":"colpanik","email":"kerry@punkave.com"},"maintainers":[{"name":"colpanik","email":"kerry@punkave.com"}]}
122 error new={"name":"apostrophe-soundcloud","version":"0.0.1","description":"It's soundcloud for apostrophe.","main":"app.js","scripts":{"start":"node app.js"},"repository":{"type":"git","url":"https://github.com/punkave/apostrophe-soundcloud"},"author":{"name":"P'unk Avenue"},"license":"MIT","dependencies":{"extend":"*","async":"x"},"bugs":{"url":"https://github.com/punkave/apostrophe-soundcloud/issues"},"homepage":"https://github.com/punkave/apostrophe-soundcloud","devDependencies":{},"keywords":["soundcloud","cms","apostrophe"],"readme":"apostrophe-soundcloud\u000a=====================\u000a","readmeFilename":"README.md","_id":"apostrophe-soundcloud@0.0.1","dist":{"shasum":"b6d322405cc241575dcf5155917dd584c2e8c010","tarball":"http://registry.npmjs.org/apostrophe-soundcloud/-/apostrophe-soundcloud-0.0.1.tgz"},"_from":".","_resolved":"https://registry.npmjs.org/apostrophe-soundcloud/-/apostrophe-soundcloud-0.0.1.tgz","_npmVersion":"1.3.21","_npmUser":{"name":"mcoppola","email":"coppola@punkave.com"},"maintainers":[{"name":"mcoppola","email":"coppola@punkave.com"}]}: apostrophe-soundcloud
122 error     at RegClient.<anonymous> (/usr/local/Cellar/node/0.10.24/lib/node_modules/npm/node_modules/npm-registry-client/lib/request.js:275:14)
122 error     at Request.self.callback (/usr/local/Cellar/node/0.10.24/lib/node_modules/npm/node_modules/request/request.js:123:22)
122 error     at Request.EventEmitter.emit (events.js:98:17)
122 error     at Request.<anonymous> (/usr/local/Cellar/node/0.10.24/lib/node_modules/npm/node_modules/request/request.js:893:14)
122 error     at Request.EventEmitter.emit (events.js:117:20)
122 error     at IncomingMessage.<anonymous> (/usr/local/Cellar/node/0.10.24/lib/node_modules/npm/node_modules/request/request.js:844:12)
122 error     at IncomingMessage.EventEmitter.emit (events.js:117:20)
122 error     at _stream_readable.js:920:16
122 error     at process._tickCallback (node.js:415:13)
123 error If you need help, you may report this *entire* log,
123 error including the npm and node versions, at:
123 error     <http://github.com/isaacs/npm/issues>
124 error System Darwin 13.0.0
125 error command "/usr/local/Cellar/node/0.10.24/bin/node" "/usr/local/bin/npm" "publish"
126 error cwd /Users/matthew/Code/apostrophe-soundcloud
127 error node -v v0.10.24
128 error npm -v 1.3.21
129 verbose exit [ 1, true ]
